SF:/home/ubuntu/OmSTU-AMCS-SummerPractice2023/unittest/SquareEq/SquareEq.cs
FN:6,System.Double[] SquareEquationLib.SquareEquation::Solve(System.Double,System.Double,System.Double)
FNDA:0,System.Double[] SquareEquationLib.SquareEquation::Solve(System.Double,System.Double,System.Double)
DA:7,0
DA:8,0
DA:10,0
DA:11,0
DA:12,0
DA:15,0
DA:17,0
DA:18,0
DA:19,0
DA:20,0
DA:22,0
DA:23,0
DA:24,0
DA:25,0
DA:26,0
DA:29,0
DA:30,0
DA:31,0
DA:32,0
DA:33,0
DA:35,0
BRDA:10,27,0,0
BRDA:10,27,1,0
BRDA:10,39,0,0
BRDA:10,39,1,0
BRDA:11,71,0,0
BRDA:11,71,1,0
BRDA:11,99,0,0
BRDA:11,99,1,0
BRDA:12,113,0,0
BRDA:12,121,0,0
BRDA:12,113,1,0
BRDA:12,121,1,0
BRDA:12,136,0,0
BRDA:12,136,1,0
BRDA:17,174,0,0
BRDA:17,174,1,0
BRDA:22,194,0,0
BRDA:22,194,1,0
BRDA:22,207,0,0
BRDA:22,207,1,0
LF:21
LH:0
BRF:20
BRH:0
FNF:1
FNH:0
end_of_record